{"C:\\Users\\alexp\\OneDrive\\Desktop\\Music_Project\\Music_Project-1\\database.js": {"path":"C:\\Users\\alexp\\OneDrive\\Desktop\\Music_Project\\Music_Project-1\\database.js","statementMap":{"0":{"start":{"line":1,"column":0},"end":{"line":1,"column":27}},"1":{"start":{"line":2,"column":12},"end":{"line":2,"column":28}},"2":{"start":{"line":8,"column":17},"end":{"line":14,"column":2}},"3":{"start":{"line":16,"column":0},"end":{"line":16,"column":28}}},"fnMap":{},"branchMap":{},"s":{"0":2,"1":2,"2":2,"3":2},"f":{},"b":{},"_coverageSchema":"332fd63041d2c1bcb487cc26dd0d5f7d97098a6c","hash":"88f3afd7d119f179367f7f0b0c30400c24f79fab"}
,"C:\\Users\\alexp\\OneDrive\\Desktop\\Music_Project\\Music_Project-1\\helper.js": {"path":"C:\\Users\\alexp\\OneDrive\\Desktop\\Music_Project\\Music_Project-1\\helper.js","statementMap":{"0":{"start":{"line":12,"column":14},"end":{"line":12,"column":16}},"1":{"start":{"line":13,"column":4},"end":{"line":17,"column":5}},"2":{"start":{"line":14,"column":27},"end":{"line":14,"column":67}},"3":{"start":{"line":15,"column":8},"end":{"line":15,"column":53}},"4":{"start":{"line":15,"column":44},"end":{"line":15,"column":53}},"5":{"start":{"line":16,"column":8},"end":{"line":16,"column":39}},"6":{"start":{"line":18,"column":4},"end":{"line":18,"column":15}},"7":{"start":{"line":21,"column":0},"end":{"line":23,"column":2}}},"fnMap":{"0":{"name":"getRandomUniqueNumber","decl":{"start":{"line":11,"column":9},"end":{"line":11,"column":30}},"loc":{"start":{"line":11,"column":52},"end":{"line":19,"column":1}},"line":11}},"branchMap":{"0":{"loc":{"start":{"line":15,"column":8},"end":{"line":15,"column":53}},"type":"if","locations":[{"start":{"line":15,"column":8},"end":{"line":15,"column":53}},{"start":{"line":15,"column":8},"end":{"line":15,"column":53}}],"line":15}},"s":{"0":1,"1":1,"2":22,"3":22,"4":2,"5":20,"6":1,"7":1},"f":{"0":1},"b":{"0":[2,20]},"_coverageSchema":"332fd63041d2c1bcb487cc26dd0d5f7d97098a6c","hash":"cff98bfc956995f2d0d7baca2bedfa0b86a73f79"}
,"C:\\Users\\alexp\\OneDrive\\Desktop\\Music_Project\\Music_Project-1\\login.js": {"path":"C:\\Users\\alexp\\OneDrive\\Desktop\\Music_Project\\Music_Project-1\\login.js","statementMap":{"0":{"start":{"line":1,"column":15},"end":{"line":1,"column":32}},"1":{"start":{"line":2,"column":14},"end":{"line":2,"column":35}},"2":{"start":{"line":3,"column":11},"end":{"line":3,"column":35}},"3":{"start":{"line":4,"column":13},"end":{"line":4,"column":35}},"4":{"start":{"line":11,"column":15},"end":{"line":13,"column":1}},"5":{"start":{"line":12,"column":4},"end":{"line":12,"column":51}},"6":{"start":{"line":21,"column":4},"end":{"line":21,"column":35}},"7":{"start":{"line":22,"column":18},"end":{"line":22,"column":28}},"8":{"start":{"line":23,"column":15},"end":{"line":23,"column":25}},"9":{"start":{"line":24,"column":18},"end":{"line":32,"column":5}},"10":{"start":{"line":33,"column":4},"end":{"line":42,"column":7}},"11":{"start":{"line":34,"column":8},"end":{"line":41,"column":9}},"12":{"start":{"line":35,"column":12},"end":{"line":35,"column":48}},"13":{"start":{"line":36,"column":12},"end":{"line":36,"column":25}},"14":{"start":{"line":40,"column":12},"end":{"line":40,"column":38}},"15":{"start":{"line":53,"column":18},"end":{"line":53,"column":28}},"16":{"start":{"line":54,"column":21},"end":{"line":54,"column":28}},"17":{"start":{"line":55,"column":4},"end":{"line":76,"column":7}},"18":{"start":{"line":56,"column":8},"end":{"line":75,"column":9}},"19":{"start":{"line":57,"column":12},"end":{"line":57,"column":48}},"20":{"start":{"line":59,"column":12},"end":{"line":74,"column":13}},"21":{"start":{"line":60,"column":16},"end":{"line":69,"column":17}},"22":{"start":{"line":61,"column":20},"end":{"line":61,"column":46}},"23":{"start":{"line":62,"column":20},"end":{"line":64,"column":23}},"24":{"start":{"line":66,"column":20},"end":{"line":66,"column":54}},"25":{"start":{"line":68,"column":20},"end":{"line":68,"column":38}},"26":{"start":{"line":71,"column":16},"end":{"line":71,"column":51}},"27":{"start":{"line":73,"column":16},"end":{"line":73,"column":34}},"28":{"start":{"line":81,"column":0},"end":{"line":84,"column":2}}},"fnMap":{"0":{"name":"(anonymous_0)","decl":{"start":{"line":11,"column":15},"end":{"line":11,"column":16}},"loc":{"start":{"line":11,"column":27},"end":{"line":13,"column":1}},"line":11},"1":{"name":"register","decl":{"start":{"line":20,"column":9},"end":{"line":20,"column":17}},"loc":{"start":{"line":20,"column":24},"end":{"line":44,"column":1}},"line":20},"2":{"name":"(anonymous_2)","decl":{"start":{"line":33,"column":47},"end":{"line":33,"column":48}},"loc":{"start":{"line":33,"column":81},"end":{"line":42,"column":5}},"line":33},"3":{"name":"login","decl":{"start":{"line":52,"column":9},"end":{"line":52,"column":14}},"loc":{"start":{"line":52,"column":31},"end":{"line":77,"column":1}},"line":52},"4":{"name":"(anonymous_4)","decl":{"start":{"line":55,"column":61},"end":{"line":55,"column":62}},"loc":{"start":{"line":55,"column":95},"end":{"line":76,"column":5}},"line":55}},"branchMap":{"0":{"loc":{"start":{"line":34,"column":8},"end":{"line":41,"column":9}},"type":"if","locations":[{"start":{"line":34,"column":8},"end":{"line":41,"column":9}},{"start":{"line":34,"column":8},"end":{"line":41,"column":9}}],"line":34},"1":{"loc":{"start":{"line":56,"column":8},"end":{"line":75,"column":9}},"type":"if","locations":[{"start":{"line":56,"column":8},"end":{"line":75,"column":9}},{"start":{"line":56,"column":8},"end":{"line":75,"column":9}}],"line":56},"2":{"loc":{"start":{"line":59,"column":12},"end":{"line":74,"column":13}},"type":"if","locations":[{"start":{"line":59,"column":12},"end":{"line":74,"column":13}},{"start":{"line":59,"column":12},"end":{"line":74,"column":13}}],"line":59},"3":{"loc":{"start":{"line":60,"column":16},"end":{"line":69,"column":17}},"type":"if","locations":[{"start":{"line":60,"column":16},"end":{"line":69,"column":17}},{"start":{"line":60,"column":16},"end":{"line":69,"column":17}}],"line":60}},"s":{"0":1,"1":1,"2":1,"3":1,"4":1,"5":2,"6":2,"7":2,"8":2,"9":2,"10":2,"11":2,"12":0,"13":0,"14":2,"15":3,"16":3,"17":3,"18":3,"19":0,"20":3,"21":2,"22":1,"23":1,"24":1,"25":1,"26":1,"27":1,"28":1},"f":{"0":2,"1":2,"2":2,"3":3,"4":3},"b":{"0":[0,2],"1":[0,3],"2":[2,1],"3":[1,1]},"_coverageSchema":"332fd63041d2c1bcb487cc26dd0d5f7d97098a6c","hash":"0d196451b3949af7416edddbcbfa39afa305a6fa"}
,"C:\\Users\\alexp\\OneDrive\\Desktop\\Music_Project\\Music_Project-1\\playlist.js": {"path":"C:\\Users\\alexp\\OneDrive\\Desktop\\Music_Project\\Music_Project-1\\playlist.js","statementMap":{"0":{"start":{"line":1,"column":11},"end":{"line":1,"column":35}},"1":{"start":{"line":12,"column":8},"end":{"line":18,"column":11}},"2":{"start":{"line":13,"column":10},"end":{"line":17,"column":11}},"3":{"start":{"line":16,"column":12},"end":{"line":16,"column":39}},"4":{"start":{"line":28,"column":18},"end":{"line":32,"column":5}},"5":{"start":{"line":33,"column":8},"end":{"line":39,"column":11}},"6":{"start":{"line":34,"column":10},"end":{"line":38,"column":11}},"7":{"start":{"line":37,"column":12},"end":{"line":37,"column":38}},"8":{"start":{"line":51,"column":4},"end":{"line":70,"column":7}},"9":{"start":{"line":52,"column":8},"end":{"line":69,"column":9}},"10":{"start":{"line":55,"column":22},"end":{"line":55,"column":24}},"11":{"start":{"line":56,"column":23},"end":{"line":56,"column":25}},"12":{"start":{"line":57,"column":12},"end":{"line":68,"column":13}},"13":{"start":{"line":58,"column":16},"end":{"line":61,"column":17}},"14":{"start":{"line":59,"column":19},"end":{"line":59,"column":44}},"15":{"start":{"line":60,"column":19},"end":{"line":60,"column":51}},"16":{"start":{"line":62,"column":16},"end":{"line":65,"column":19}},"17":{"start":{"line":67,"column":16},"end":{"line":67,"column":49}},"18":{"start":{"line":73,"column":0},"end":{"line":77,"column":1}}},"fnMap":{"0":{"name":"remove_from_list","decl":{"start":{"line":11,"column":9},"end":{"line":11,"column":25}},"loc":{"start":{"line":11,"column":41},"end":{"line":19,"column":1}},"line":11},"1":{"name":"(anonymous_1)","decl":{"start":{"line":12,"column":87},"end":{"line":12,"column":88}},"loc":{"start":{"line":12,"column":121},"end":{"line":18,"column":9}},"line":12},"2":{"name":"add_to_play_list","decl":{"start":{"line":26,"column":9},"end":{"line":26,"column":25}},"loc":{"start":{"line":26,"column":40},"end":{"line":40,"column":3}},"line":26},"3":{"name":"(anonymous_3)","decl":{"start":{"line":33,"column":53},"end":{"line":33,"column":54}},"loc":{"start":{"line":33,"column":87},"end":{"line":39,"column":9}},"line":33},"4":{"name":"get_song_list","decl":{"start":{"line":49,"column":9},"end":{"line":49,"column":22}},"loc":{"start":{"line":49,"column":35},"end":{"line":71,"column":1}},"line":49},"5":{"name":"(anonymous_5)","decl":{"start":{"line":51,"column":57},"end":{"line":51,"column":58}},"loc":{"start":{"line":51,"column":89},"end":{"line":70,"column":5}},"line":51}},"branchMap":{"0":{"loc":{"start":{"line":13,"column":10},"end":{"line":17,"column":11}},"type":"if","locations":[{"start":{"line":13,"column":10},"end":{"line":17,"column":11}},{"start":{"line":13,"column":10},"end":{"line":17,"column":11}}],"line":13},"1":{"loc":{"start":{"line":34,"column":10},"end":{"line":38,"column":11}},"type":"if","locations":[{"start":{"line":34,"column":10},"end":{"line":38,"column":11}},{"start":{"line":34,"column":10},"end":{"line":38,"column":11}}],"line":34},"2":{"loc":{"start":{"line":52,"column":8},"end":{"line":69,"column":9}},"type":"if","locations":[{"start":{"line":52,"column":8},"end":{"line":69,"column":9}},{"start":{"line":52,"column":8},"end":{"line":69,"column":9}}],"line":52},"3":{"loc":{"start":{"line":57,"column":12},"end":{"line":68,"column":13}},"type":"if","locations":[{"start":{"line":57,"column":12},"end":{"line":68,"column":13}},{"start":{"line":57,"column":12},"end":{"line":68,"column":13}}],"line":57}},"s":{"0":1,"1":1,"2":0,"3":0,"4":1,"5":1,"6":0,"7":0,"8":2,"9":0,"10":0,"11":0,"12":0,"13":0,"14":0,"15":0,"16":0,"17":0,"18":1},"f":{"0":1,"1":0,"2":1,"3":0,"4":2,"5":0},"b":{"0":[0,0],"1":[0,0],"2":[0,0],"3":[0,0]},"_coverageSchema":"332fd63041d2c1bcb487cc26dd0d5f7d97098a6c","hash":"8436cb29ece8abf9df20456388830a32b1e41795"}
,"C:\\Users\\alexp\\OneDrive\\Desktop\\Music_Project\\Music_Project-1\\searchyoutube.js": {"path":"C:\\Users\\alexp\\OneDrive\\Desktop\\Music_Project\\Music_Project-1\\searchyoutube.js","statementMap":{"0":{"start":{"line":1,"column":13},"end":{"line":1,"column":38}},"1":{"start":{"line":2,"column":13},"end":{"line":2,"column":30}},"2":{"start":{"line":3,"column":9},"end":{"line":3,"column":22}},"3":{"start":{"line":4,"column":12},"end":{"line":4,"column":33}},"4":{"start":{"line":5,"column":16},"end":{"line":5,"column":34}},"5":{"start":{"line":6,"column":0},"end":{"line":6,"column":27}},"6":{"start":{"line":9,"column":15},"end":{"line":9,"column":30}},"7":{"start":{"line":14,"column":11},"end":{"line":20,"column":1}},"8":{"start":{"line":26,"column":4},"end":{"line":26,"column":20}},"9":{"start":{"line":36,"column":15},"end":{"line":36,"column":32}},"10":{"start":{"line":38,"column":4},"end":{"line":63,"column":7}},"11":{"start":{"line":39,"column":16},"end":{"line":39,"column":17}},"12":{"start":{"line":40,"column":20},"end":{"line":40,"column":22}},"13":{"start":{"line":41,"column":18},"end":{"line":41,"column":20}},"14":{"start":{"line":42,"column":20},"end":{"line":42,"column":22}},"15":{"start":{"line":43,"column":20},"end":{"line":43,"column":25}},"16":{"start":{"line":44,"column":32},"end":{"line":44,"column":37}},"17":{"start":{"line":45,"column":8},"end":{"line":49,"column":9}},"18":{"start":{"line":46,"column":12},"end":{"line":46,"column":38}},"19":{"start":{"line":47,"column":12},"end":{"line":47,"column":53}},"20":{"start":{"line":48,"column":12},"end":{"line":48,"column":41}},"21":{"start":{"line":50,"column":8},"end":{"line":55,"column":9}},"22":{"start":{"line":51,"column":12},"end":{"line":51,"column":25}},"23":{"start":{"line":53,"column":13},"end":{"line":55,"column":9}},"24":{"start":{"line":54,"column":12},"end":{"line":54,"column":37}},"25":{"start":{"line":56,"column":8},"end":{"line":62,"column":11}},"26":{"start":{"line":67,"column":0},"end":{"line":70,"column":2}}},"fnMap":{"0":{"name":"gpassword","decl":{"start":{"line":25,"column":9},"end":{"line":25,"column":18}},"loc":{"start":{"line":25,"column":21},"end":{"line":27,"column":1}},"line":25},"1":{"name":"searchYoutube","decl":{"start":{"line":35,"column":9},"end":{"line":35,"column":22}},"loc":{"start":{"line":35,"column":42},"end":{"line":64,"column":1}},"line":35},"2":{"name":"(anonymous_2)","decl":{"start":{"line":38,"column":23},"end":{"line":38,"column":24}},"loc":{"start":{"line":38,"column":46},"end":{"line":63,"column":5}},"line":38}},"branchMap":{"0":{"loc":{"start":{"line":50,"column":8},"end":{"line":55,"column":9}},"type":"if","locations":[{"start":{"line":50,"column":8},"end":{"line":55,"column":9}},{"start":{"line":50,"column":8},"end":{"line":55,"column":9}}],"line":50},"1":{"loc":{"start":{"line":50,"column":12},"end":{"line":50,"column":88}},"type":"binary-expr","locations":[{"start":{"line":50,"column":12},"end":{"line":50,"column":27}},{"start":{"line":50,"column":31},"end":{"line":50,"column":48}},{"start":{"line":50,"column":52},"end":{"line":50,"column":69}},{"start":{"line":50,"column":73},"end":{"line":50,"column":88}}],"line":50},"2":{"loc":{"start":{"line":53,"column":13},"end":{"line":55,"column":9}},"type":"if","locations":[{"start":{"line":53,"column":13},"end":{"line":55,"column":9}},{"start":{"line":53,"column":13},"end":{"line":55,"column":9}}],"line":53},"3":{"loc":{"start":{"line":53,"column":17},"end":{"line":53,"column":74}},"type":"binary-expr","locations":[{"start":{"line":53,"column":17},"end":{"line":53,"column":32}},{"start":{"line":53,"column":36},"end":{"line":53,"column":53}},{"start":{"line":53,"column":57},"end":{"line":53,"column":74}}],"line":53}},"s":{"0":1,"1":1,"2":1,"3":1,"4":1,"5":1,"6":1,"7":1,"8":1,"9":3,"10":3,"11":3,"12":3,"13":3,"14":3,"15":3,"16":3,"17":3,"18":20,"19":20,"20":20,"21":3,"22":1,"23":2,"24":0,"25":3,"26":1},"f":{"0":1,"1":3,"2":3},"b":{"0":[1,2],"1":[3,1,1,2],"2":[0,2],"3":[2,0,0]},"_coverageSchema":"332fd63041d2c1bcb487cc26dd0d5f7d97098a6c","hash":"7abbb9ff1f3a871c8887cc3442b0f8f45e6d3eec"}
}
