{"C:\\Users\\alexp\\OneDrive\\Desktop\\Music_Project\\Music_Project-1\\dbkeys.js": {"path":"C:\\Users\\alexp\\OneDrive\\Desktop\\Music_Project\\Music_Project-1\\dbkeys.js","statementMap":{"0":{"start":{"line":1,"column":0},"end":{"line":7,"column":1}}},"fnMap":{},"branchMap":{},"s":{"0":1},"f":{},"b":{},"_coverageSchema":"332fd63041d2c1bcb487cc26dd0d5f7d97098a6c","hash":"9e11012e332b444f681bb578fa2011cb9fa6406f"}
,"C:\\Users\\alexp\\OneDrive\\Desktop\\Music_Project\\Music_Project-1\\login.js": {"path":"C:\\Users\\alexp\\OneDrive\\Desktop\\Music_Project\\Music_Project-1\\login.js","statementMap":{"0":{"start":{"line":1,"column":12},"end":{"line":1,"column":34}},"1":{"start":{"line":2,"column":12},"end":{"line":2,"column":28}},"2":{"start":{"line":3,"column":15},"end":{"line":3,"column":32}},"3":{"start":{"line":4,"column":14},"end":{"line":4,"column":35}},"4":{"start":{"line":5,"column":13},"end":{"line":5,"column":35}},"5":{"start":{"line":8,"column":15},"end":{"line":10,"column":1}},"6":{"start":{"line":9,"column":4},"end":{"line":9,"column":51}},"7":{"start":{"line":13,"column":17},"end":{"line":19,"column":2}},"8":{"start":{"line":21,"column":0},"end":{"line":27,"column":3}},"9":{"start":{"line":22,"column":4},"end":{"line":25,"column":5}},"10":{"start":{"line":23,"column":8},"end":{"line":23,"column":66}},"11":{"start":{"line":24,"column":8},"end":{"line":24,"column":15}},"12":{"start":{"line":26,"column":4},"end":{"line":26,"column":48}},"13":{"start":{"line":31,"column":4},"end":{"line":31,"column":35}},"14":{"start":{"line":32,"column":18},"end":{"line":32,"column":28}},"15":{"start":{"line":33,"column":15},"end":{"line":33,"column":25}},"16":{"start":{"line":34,"column":18},"end":{"line":42,"column":5}},"17":{"start":{"line":43,"column":4},"end":{"line":51,"column":7}},"18":{"start":{"line":44,"column":8},"end":{"line":50,"column":9}},"19":{"start":{"line":45,"column":12},"end":{"line":45,"column":48}},"20":{"start":{"line":49,"column":12},"end":{"line":49,"column":38}},"21":{"start":{"line":57,"column":18},"end":{"line":57,"column":28}},"22":{"start":{"line":58,"column":21},"end":{"line":58,"column":28}},"23":{"start":{"line":59,"column":4},"end":{"line":78,"column":7}},"24":{"start":{"line":60,"column":8},"end":{"line":77,"column":9}},"25":{"start":{"line":61,"column":12},"end":{"line":61,"column":48}},"26":{"start":{"line":63,"column":12},"end":{"line":76,"column":13}},"27":{"start":{"line":64,"column":16},"end":{"line":72,"column":17}},"28":{"start":{"line":65,"column":20},"end":{"line":65,"column":46}},"29":{"start":{"line":66,"column":20},"end":{"line":68,"column":23}},"30":{"start":{"line":70,"column":20},"end":{"line":70,"column":54}},"31":{"start":{"line":71,"column":20},"end":{"line":71,"column":48}},"32":{"start":{"line":74,"column":16},"end":{"line":74,"column":51}},"33":{"start":{"line":75,"column":16},"end":{"line":75,"column":42}},"34":{"start":{"line":86,"column":0},"end":{"line":89,"column":2}}},"fnMap":{"0":{"name":"(anonymous_0)","decl":{"start":{"line":8,"column":15},"end":{"line":8,"column":16}},"loc":{"start":{"line":8,"column":27},"end":{"line":10,"column":1}},"line":8},"1":{"name":"(anonymous_1)","decl":{"start":{"line":21,"column":19},"end":{"line":21,"column":20}},"loc":{"start":{"line":21,"column":34},"end":{"line":27,"column":1}},"line":21},"2":{"name":"register","decl":{"start":{"line":30,"column":9},"end":{"line":30,"column":17}},"loc":{"start":{"line":30,"column":24},"end":{"line":53,"column":1}},"line":30},"3":{"name":"(anonymous_3)","decl":{"start":{"line":43,"column":55},"end":{"line":43,"column":56}},"loc":{"start":{"line":43,"column":89},"end":{"line":51,"column":5}},"line":43},"4":{"name":"login","decl":{"start":{"line":56,"column":9},"end":{"line":56,"column":14}},"loc":{"start":{"line":56,"column":31},"end":{"line":79,"column":1}},"line":56},"5":{"name":"(anonymous_5)","decl":{"start":{"line":59,"column":69},"end":{"line":59,"column":70}},"loc":{"start":{"line":59,"column":103},"end":{"line":78,"column":5}},"line":59}},"branchMap":{"0":{"loc":{"start":{"line":22,"column":4},"end":{"line":25,"column":5}},"type":"if","locations":[{"start":{"line":22,"column":4},"end":{"line":25,"column":5}},{"start":{"line":22,"column":4},"end":{"line":25,"column":5}}],"line":22},"1":{"loc":{"start":{"line":44,"column":8},"end":{"line":50,"column":9}},"type":"if","locations":[{"start":{"line":44,"column":8},"end":{"line":50,"column":9}},{"start":{"line":44,"column":8},"end":{"line":50,"column":9}}],"line":44},"2":{"loc":{"start":{"line":60,"column":8},"end":{"line":77,"column":9}},"type":"if","locations":[{"start":{"line":60,"column":8},"end":{"line":77,"column":9}},{"start":{"line":60,"column":8},"end":{"line":77,"column":9}}],"line":60},"3":{"loc":{"start":{"line":63,"column":12},"end":{"line":76,"column":13}},"type":"if","locations":[{"start":{"line":63,"column":12},"end":{"line":76,"column":13}},{"start":{"line":63,"column":12},"end":{"line":76,"column":13}}],"line":63},"4":{"loc":{"start":{"line":64,"column":16},"end":{"line":72,"column":17}},"type":"if","locations":[{"start":{"line":64,"column":16},"end":{"line":72,"column":17}},{"start":{"line":64,"column":16},"end":{"line":72,"column":17}}],"line":64}},"s":{"0":1,"1":1,"2":1,"3":1,"4":1,"5":1,"6":1,"7":1,"8":1,"9":1,"10":0,"11":0,"12":1,"13":1,"14":1,"15":1,"16":1,"17":1,"18":0,"19":0,"20":0,"21":1,"22":1,"23":1,"24":1,"25":0,"26":1,"27":1,"28":1,"29":1,"30":0,"31":0,"32":0,"33":0,"34":1},"f":{"0":1,"1":1,"2":1,"3":0,"4":1,"5":1},"b":{"0":[0,1],"1":[0,0],"2":[0,1],"3":[1,0],"4":[1,0]},"_coverageSchema":"332fd63041d2c1bcb487cc26dd0d5f7d97098a6c","hash":"b4f609260f2de630a432044fbd9181ea73cb524d"}
,"C:\\Users\\alexp\\OneDrive\\Desktop\\Music_Project\\Music_Project-1\\searchyoutube.js": {"path":"C:\\Users\\alexp\\OneDrive\\Desktop\\Music_Project\\Music_Project-1\\searchyoutube.js","statementMap":{"0":{"start":{"line":1,"column":13},"end":{"line":1,"column":38}},"1":{"start":{"line":2,"column":13},"end":{"line":2,"column":30}},"2":{"start":{"line":3,"column":9},"end":{"line":3,"column":22}},"3":{"start":{"line":4,"column":12},"end":{"line":4,"column":33}},"4":{"start":{"line":5,"column":16},"end":{"line":5,"column":34}},"5":{"start":{"line":8,"column":15},"end":{"line":8,"column":25}},"6":{"start":{"line":11,"column":11},"end":{"line":17,"column":1}},"7":{"start":{"line":21,"column":4},"end":{"line":21,"column":20}},"8":{"start":{"line":26,"column":15},"end":{"line":26,"column":32}},"9":{"start":{"line":27,"column":4},"end":{"line":52,"column":7}},"10":{"start":{"line":28,"column":16},"end":{"line":28,"column":17}},"11":{"start":{"line":29,"column":20},"end":{"line":29,"column":22}},"12":{"start":{"line":30,"column":18},"end":{"line":30,"column":20}},"13":{"start":{"line":31,"column":20},"end":{"line":31,"column":22}},"14":{"start":{"line":32,"column":20},"end":{"line":32,"column":25}},"15":{"start":{"line":33,"column":32},"end":{"line":33,"column":37}},"16":{"start":{"line":34,"column":8},"end":{"line":38,"column":9}},"17":{"start":{"line":35,"column":12},"end":{"line":35,"column":38}},"18":{"start":{"line":36,"column":12},"end":{"line":36,"column":53}},"19":{"start":{"line":37,"column":12},"end":{"line":37,"column":41}},"20":{"start":{"line":39,"column":8},"end":{"line":44,"column":9}},"21":{"start":{"line":40,"column":12},"end":{"line":40,"column":25}},"22":{"start":{"line":42,"column":13},"end":{"line":44,"column":9}},"23":{"start":{"line":43,"column":12},"end":{"line":43,"column":37}},"24":{"start":{"line":45,"column":8},"end":{"line":51,"column":11}},"25":{"start":{"line":56,"column":0},"end":{"line":59,"column":2}}},"fnMap":{"0":{"name":"gpassword","decl":{"start":{"line":20,"column":9},"end":{"line":20,"column":18}},"loc":{"start":{"line":20,"column":21},"end":{"line":22,"column":1}},"line":20},"1":{"name":"searchYoutube","decl":{"start":{"line":25,"column":9},"end":{"line":25,"column":22}},"loc":{"start":{"line":25,"column":42},"end":{"line":53,"column":1}},"line":25},"2":{"name":"(anonymous_2)","decl":{"start":{"line":27,"column":23},"end":{"line":27,"column":24}},"loc":{"start":{"line":27,"column":46},"end":{"line":52,"column":5}},"line":27}},"branchMap":{"0":{"loc":{"start":{"line":39,"column":8},"end":{"line":44,"column":9}},"type":"if","locations":[{"start":{"line":39,"column":8},"end":{"line":44,"column":9}},{"start":{"line":39,"column":8},"end":{"line":44,"column":9}}],"line":39},"1":{"loc":{"start":{"line":39,"column":12},"end":{"line":39,"column":88}},"type":"binary-expr","locations":[{"start":{"line":39,"column":12},"end":{"line":39,"column":27}},{"start":{"line":39,"column":31},"end":{"line":39,"column":48}},{"start":{"line":39,"column":52},"end":{"line":39,"column":69}},{"start":{"line":39,"column":73},"end":{"line":39,"column":88}}],"line":39},"2":{"loc":{"start":{"line":42,"column":13},"end":{"line":44,"column":9}},"type":"if","locations":[{"start":{"line":42,"column":13},"end":{"line":44,"column":9}},{"start":{"line":42,"column":13},"end":{"line":44,"column":9}}],"line":42},"3":{"loc":{"start":{"line":42,"column":17},"end":{"line":42,"column":74}},"type":"binary-expr","locations":[{"start":{"line":42,"column":17},"end":{"line":42,"column":32}},{"start":{"line":42,"column":36},"end":{"line":42,"column":53}},{"start":{"line":42,"column":57},"end":{"line":42,"column":74}}],"line":42}},"s":{"0":1,"1":1,"2":1,"3":1,"4":1,"5":1,"6":1,"7":1,"8":4,"9":4,"10":4,"11":4,"12":4,"13":4,"14":4,"15":4,"16":4,"17":26,"18":26,"19":26,"20":4,"21":1,"22":3,"23":1,"24":4,"25":1},"f":{"0":1,"1":4,"2":4},"b":{"0":[1,3],"1":[4,1,1,3],"2":[1,2],"3":[3,1,1]},"_coverageSchema":"332fd63041d2c1bcb487cc26dd0d5f7d97098a6c","hash":"ade8af61cded2022ba1a72a18c7ece871719f731"}
}
