TN:
SF:C:\Users\alexp\OneDrive\Desktop\Music_Project\Music_Project-1\database.js
FNF:0
FNH:0
DA:1,2
DA:2,2
DA:8,2
DA:16,2
LF:4
LH:4
BRF:0
BRH:0
end_of_record
TN:
SF:C:\Users\alexp\OneDrive\Desktop\Music_Project\Music_Project-1\helper.js
FN:11,getRandomUniqueNumber
FNF:1
FNH:1
FNDA:1,getRandomUniqueNumber
DA:12,1
DA:13,1
DA:14,21
DA:15,21
DA:16,20
DA:18,1
DA:21,1
LF:7
LH:7
BRDA:15,0,0,1
BRDA:15,0,1,20
BRF:2
BRH:2
end_of_record
TN:
SF:C:\Users\alexp\OneDrive\Desktop\Music_Project\Music_Project-1\login.js
FN:11,(anonymous_0)
FN:20,register
FN:33,(anonymous_2)
FN:52,login
FN:55,(anonymous_4)
FNF:5
FNH:5
FNDA:2,(anonymous_0)
FNDA:2,register
FNDA:2,(anonymous_2)
FNDA:3,login
FNDA:3,(anonymous_4)
DA:1,1
DA:2,1
DA:3,1
DA:4,1
DA:11,1
DA:12,2
DA:21,2
DA:22,2
DA:23,2
DA:24,2
DA:33,2
DA:34,2
DA:35,0
DA:36,0
DA:40,2
DA:53,3
DA:54,3
DA:55,3
DA:56,3
DA:57,0
DA:59,3
DA:60,2
DA:61,1
DA:62,1
DA:66,1
DA:68,1
DA:71,1
DA:73,1
DA:81,1
LF:29
LH:26
BRDA:34,0,0,0
BRDA:34,0,1,2
BRDA:56,1,0,0
BRDA:56,1,1,3
BRDA:59,2,0,2
BRDA:59,2,1,1
BRDA:60,3,0,1
BRDA:60,3,1,1
BRF:8
BRH:6
end_of_record
TN:
SF:C:\Users\alexp\OneDrive\Desktop\Music_Project\Music_Project-1\playlist.js
FN:11,remove_from_list
FN:12,(anonymous_1)
FN:26,add_to_play_list
FN:33,(anonymous_3)
FN:49,get_song_list
FN:51,(anonymous_5)
FNF:6
FNH:3
FNDA:1,remove_from_list
FNDA:0,(anonymous_1)
FNDA:1,add_to_play_list
FNDA:0,(anonymous_3)
FNDA:2,get_song_list
FNDA:0,(anonymous_5)
DA:1,1
DA:12,1
DA:13,0
DA:16,0
DA:28,1
DA:33,1
DA:34,0
DA:37,0
DA:51,2
DA:52,0
DA:55,0
DA:56,0
DA:57,0
DA:58,0
DA:59,0
DA:60,0
DA:62,0
DA:67,0
DA:73,1
LF:19
LH:6
BRDA:13,0,0,0
BRDA:13,0,1,0
BRDA:34,1,0,0
BRDA:34,1,1,0
BRDA:52,2,0,0
BRDA:52,2,1,0
BRDA:57,3,0,0
BRDA:57,3,1,0
BRF:8
BRH:0
end_of_record
TN:
SF:C:\Users\alexp\OneDrive\Desktop\Music_Project\Music_Project-1\searchyoutube.js
FN:25,gpassword
FN:35,searchYoutube
FN:38,(anonymous_2)
FNF:3
FNH:3
FNDA:1,gpassword
FNDA:3,searchYoutube
FNDA:3,(anonymous_2)
DA:1,1
DA:3,1
DA:4,1
DA:5,1
DA:6,1
DA:9,1
DA:14,1
DA:26,1
DA:36,3
DA:38,3
DA:39,3
DA:40,3
DA:41,3
DA:42,3
DA:43,3
DA:44,3
DA:45,3
DA:46,20
DA:47,20
DA:48,20
DA:50,3
DA:51,1
DA:53,2
DA:54,0
DA:56,3
DA:67,1
LF:26
LH:25
BRDA:50,0,0,1
BRDA:50,0,1,2
BRDA:50,1,0,3
BRDA:50,1,1,1
BRDA:50,1,2,1
BRDA:50,1,3,2
BRDA:53,2,0,0
BRDA:53,2,1,2
BRDA:53,3,0,2
BRDA:53,3,1,0
BRDA:53,3,2,0
BRF:11
BRH:8
end_of_record
